<?xml version="1.0" encoding="UTF-8"?>
<!-- Generated by org.testng.reporters.JUnitReportReporter -->
<testsuite hostname="AhmadMalloh" name="SanityTest.Contact_US" tests="1" failures="0" timestamp="10 Dec 2021 17:23:24 GMT" time="30.767" errors="0">
  <testcase name="Send_Message" time="30.767" classname="SanityTest.Contact_US"/>
</testsuite> <!-- SanityTest.Contact_US -->
