<?xml version="1.0" encoding="UTF-8"?>
<!-- Generated by org.testng.reporters.JUnitReportReporter -->
<testsuite hostname="AhmadMalloh" name="SanityTest.MyAccount.UpdatePersonal_Information" tests="3" failures="0" timestamp="20 Dec 2021 21:05:14 GMT" time="18.559" errors="0">
  <testcase name="UpdatePersonalnfo" time="4.841" classname="SanityTest.MyAccount.UpdatePersonal_Information"/>
  <testcase name="Login" time="6.762" classname="SanityTest.MyAccount.UpdatePersonal_Information"/>
  <testcase name="getDriver" time="6.956" classname="SanityTest.MyAccount.UpdatePersonal_Information"/>
</testsuite> <!-- SanityTest.MyAccount.UpdatePersonal_Information -->
