<?xml version="1.0" encoding="UTF-8"?>
<!-- Generated by org.testng.reporters.JUnitReportReporter -->
<testsuite hostname="AhmadMalloh" name="SanityTest.MyAccount.UpdatePersonal_Information" tests="2" failures="0" timestamp="10 Dec 2021 19:04:03 GMT" time="57.173" errors="0">
  <testcase name="Login" time="35.523" classname="SanityTest.MyAccount.UpdatePersonal_Information"/>
  <testcase name="UpdatePersonalnfo" time="21.650" classname="SanityTest.MyAccount.UpdatePersonal_Information"/>
</testsuite> <!-- SanityTest.MyAccount.UpdatePersonal_Information -->
