<?xml version="1.0" encoding="UTF-8"?>
<!-- Generated by org.testng.reporters.JUnitReportReporter -->
<testsuite hostname="AhmadMalloh" name="SanityTest.AllActions_AtProduct" tests="7" failures="0" timestamp="20 Dec 2021 21:05:14 GMT" time="40.672" errors="0">
  <testcase name="getDriver" time="9.058" classname="SanityTest.AllActions_AtProduct"/>
  <testcase name="AddProductToCart" time="4.275" classname="SanityTest.AllActions_AtProduct"/>
  <testcase name="WriteReviewOnProduct" time="7.761" classname="SanityTest.AllActions_AtProduct"/>
  <testcase name="AddProductToWishlist" time="1.753" classname="SanityTest.AllActions_AtProduct"/>
  <testcase name="SearchForProduct" time="6.548" classname="SanityTest.AllActions_AtProduct"/>
  <testcase name="SendProductToFriend" time="1.331" classname="SanityTest.AllActions_AtProduct"/>
  <testcase name="Login" time="9.946" classname="SanityTest.AllActions_AtProduct"/>
</testsuite> <!-- SanityTest.AllActions_AtProduct -->
